2022-12-20 19:17:43 INFO  HomePage :74 - Hover the mouse on Laptops & Notebooks tab and click[[ChromeDriver: chrome on WINDOWS (5004fc95331b9c338c8f0a2e3a730384)] -> link text: Laptops & Notebooks]
2022-12-20 19:17:43 INFO  HomePage :79 - Select show all Laptops & Notebooks from drop down[[[ChromeDriver: chrome on WINDOWS (5004fc95331b9c338c8f0a2e3a730384)] -> link text: Show All Laptops & Notebooks]]
2022-12-20 19:17:44 INFO  LaptopsAndNotebooksPage :55 - Get a list of all products listed under Laptops and Notebooks[[[ChromeDriver: chrome on WINDOWS (5004fc95331b9c338c8f0a2e3a730384)] -> xpath: //p[@class ='price']], [[ChromeDriver: chrome on WINDOWS (5004fc95331b9c338c8f0a2e3a730384)] -> xpath: //p[@class ='price']], [[ChromeDriver: chrome on WINDOWS (5004fc95331b9c338c8f0a2e3a730384)] -> xpath: //p[@class ='price']], [[ChromeDriver: chrome on WINDOWS (5004fc95331b9c338c8f0a2e3a730384)] -> xpath: //p[@class ='price']], [[ChromeDriver: chrome on WINDOWS (5004fc95331b9c338c8f0a2e3a730384)] -> xpath: //p[@class ='price']]]
2022-12-20 19:17:44 INFO  LaptopsAndNotebooksPage :55 - Get a list of all products listed under Laptops and Notebooks[[[ChromeDriver: chrome on WINDOWS (5004fc95331b9c338c8f0a2e3a730384)] -> xpath: //p[@class ='price']], [[ChromeDriver: chrome on WINDOWS (5004fc95331b9c338c8f0a2e3a730384)] -> xpath: //p[@class ='price']], [[ChromeDriver: chrome on WINDOWS (5004fc95331b9c338c8f0a2e3a730384)] -> xpath: //p[@class ='price']], [[ChromeDriver: chrome on WINDOWS (5004fc95331b9c338c8f0a2e3a730384)] -> xpath: //p[@class ='price']], [[ChromeDriver: chrome on WINDOWS (5004fc95331b9c338c8f0a2e3a730384)] -> xpath: //p[@class ='price']]]
2022-12-20 19:17:44 INFO  LaptopsAndNotebooksPage :69 - Get a list of all products listed under Laptops and Notebooks by price[[[ChromeDriver: chrome on WINDOWS (5004fc95331b9c338c8f0a2e3a730384)] -> xpath: //p[@class ='price']], [[ChromeDriver: chrome on WINDOWS (5004fc95331b9c338c8f0a2e3a730384)] -> xpath: //p[@class ='price']], [[ChromeDriver: chrome on WINDOWS (5004fc95331b9c338c8f0a2e3a730384)] -> xpath: //p[@class ='price']], [[ChromeDriver: chrome on WINDOWS (5004fc95331b9c338c8f0a2e3a730384)] -> xpath: //p[@class ='price']], [[ChromeDriver: chrome on WINDOWS (5004fc95331b9c338c8f0a2e3a730384)] -> xpath: //p[@class ='price']]]
2022-12-20 19:21:04 INFO  HomePage :74 - Hover the mouse on Laptops & Notebooks tab and click[[ChromeDriver: chrome on WINDOWS (91023068de622b85e85ec47bd168d988)] -> link text: Laptops & Notebooks]
2022-12-20 19:21:05 INFO  HomePage :79 - Select show all Laptops & Notebooks from drop down[[[ChromeDriver: chrome on WINDOWS (91023068de622b85e85ec47bd168d988)] -> link text: Show All Laptops & Notebooks]]
2022-12-20 19:21:05 INFO  LaptopsAndNotebooksPage :55 - Get a list of all products listed under Laptops and Notebooks[[[ChromeDriver: chrome on WINDOWS (91023068de622b85e85ec47bd168d988)] -> xpath: //p[@class ='price']], [[ChromeDriver: chrome on WINDOWS (91023068de622b85e85ec47bd168d988)] -> xpath: //p[@class ='price']], [[ChromeDriver: chrome on WINDOWS (91023068de622b85e85ec47bd168d988)] -> xpath: //p[@class ='price']], [[ChromeDriver: chrome on WINDOWS (91023068de622b85e85ec47bd168d988)] -> xpath: //p[@class ='price']], [[ChromeDriver: chrome on WINDOWS (91023068de622b85e85ec47bd168d988)] -> xpath: //p[@class ='price']]]
2022-12-20 19:21:05 INFO  LaptopsAndNotebooksPage :55 - Get a list of all products listed under Laptops and Notebooks[[[ChromeDriver: chrome on WINDOWS (91023068de622b85e85ec47bd168d988)] -> xpath: //p[@class ='price']], [[ChromeDriver: chrome on WINDOWS (91023068de622b85e85ec47bd168d988)] -> xpath: //p[@class ='price']], [[ChromeDriver: chrome on WINDOWS (91023068de622b85e85ec47bd168d988)] -> xpath: //p[@class ='price']], [[ChromeDriver: chrome on WINDOWS (91023068de622b85e85ec47bd168d988)] -> xpath: //p[@class ='price']], [[ChromeDriver: chrome on WINDOWS (91023068de622b85e85ec47bd168d988)] -> xpath: //p[@class ='price']]]
2022-12-20 19:21:05 INFO  LaptopsAndNotebooksPage :69 - Get a list of all products listed under Laptops and Notebooks by price[[[ChromeDriver: chrome on WINDOWS (91023068de622b85e85ec47bd168d988)] -> xpath: //p[@class ='price']], [[ChromeDriver: chrome on WINDOWS (91023068de622b85e85ec47bd168d988)] -> xpath: //p[@class ='price']], [[ChromeDriver: chrome on WINDOWS (91023068de622b85e85ec47bd168d988)] -> xpath: //p[@class ='price']], [[ChromeDriver: chrome on WINDOWS (91023068de622b85e85ec47bd168d988)] -> xpath: //p[@class ='price']], [[ChromeDriver: chrome on WINDOWS (91023068de622b85e85ec47bd168d988)] -> xpath: //p[@class ='price']]]
2022-12-20 19:23:58 INFO  HomePage :94 - Click on currency tab[[ChromeDriver: chrome on WINDOWS (30488d912b11cd64c1a714aa1640b206)] -> xpath: //span[contains(text(),'Currency')]]
2022-12-20 19:23:58 INFO  HomePage :95 - Change the currency[[[ChromeDriver: chrome on WINDOWS (30488d912b11cd64c1a714aa1640b206)] -> xpath: //ul[@class = 'dropdown-menu']/li], [[ChromeDriver: chrome on WINDOWS (30488d912b11cd64c1a714aa1640b206)] -> xpath: //ul[@class = 'dropdown-menu']/li], [[ChromeDriver: chrome on WINDOWS (30488d912b11cd64c1a714aa1640b206)] -> xpath: //ul[@class = 'dropdown-menu']/li]]
2022-12-20 19:23:59 INFO  HomePage :74 - Hover the mouse on Laptops & Notebooks tab and click[[ChromeDriver: chrome on WINDOWS (30488d912b11cd64c1a714aa1640b206)] -> link text: Laptops & Notebooks]
2022-12-20 19:23:59 INFO  HomePage :79 - Select show all Laptops & Notebooks from drop down[[[ChromeDriver: chrome on WINDOWS (30488d912b11cd64c1a714aa1640b206)] -> link text: Show All Laptops & Notebooks]]
2022-12-20 19:24:01 INFO  LaptopsAndNotebooksPage :82 - Select the sort by price tab[[ChromeDriver: chrome on WINDOWS (30488d912b11cd64c1a714aa1640b206)] -> id: input-sort]
2022-12-20 19:24:01 INFO  LaptopsAndNotebooksPage :87 - Click on the MacBook product[[ChromeDriver: chrome on WINDOWS (30488d912b11cd64c1a714aa1640b206)] -> link text: MacBook]
2022-12-20 19:24:05 INFO  LaptopsAndNotebooksPage :92 - Verify the MacBook product name[[ChromeDriver: chrome on WINDOWS (30488d912b11cd64c1a714aa1640b206)] -> xpath: //h1[contains(text(),'MacBook')]]
2022-12-20 19:24:05 INFO  LaptopsAndNotebooksPage :97 - Click on add to cart button[[ChromeDriver: chrome on WINDOWS (30488d912b11cd64c1a714aa1640b206)] -> xpath: //button[@id='button-cart']]
2022-12-20 19:24:05 INFO  LaptopsAndNotebooksPage :102 - Verify the product has been added to the cart[[ChromeDriver: chrome on WINDOWS (30488d912b11cd64c1a714aa1640b206)] -> css selector: body:nth-child(2) div.container:nth-child(4) > div.alert.alert-success.alert-dismissible]
2022-12-20 19:24:05 INFO  ShoppingCartPage :67 - Click on the shopping cart link in the success message[[ChromeDriver: chrome on WINDOWS (30488d912b11cd64c1a714aa1640b206)] -> xpath: //a[contains(text(),'shopping cart')]]
2022-12-20 19:24:06 INFO  ShoppingCartPage :62 - Verify shopping cart page name[[ChromeDriver: chrome on WINDOWS (30488d912b11cd64c1a714aa1640b206)] -> xpath: //div[@id='content']//h1]
2022-12-20 19:24:06 INFO  ShoppingCartPage :92 - Verify the MacBook product name[[ChromeDriver: chrome on WINDOWS (30488d912b11cd64c1a714aa1640b206)] -> xpath: //div[@class = 'table-responsive']/table/tbody/tr/td[2]/a]
2022-12-20 19:24:06 INFO  ShoppingCartPage :97 - Change the quantity of product to two in the cart[[ChromeDriver: chrome on WINDOWS (30488d912b11cd64c1a714aa1640b206)] -> xpath: //div[@class = 'table-responsive']/table/tbody/tr/td[3]]
2022-12-20 19:24:06 INFO  ShoppingCartPage :103 - Click to update the Quantity[[ChromeDriver: chrome on WINDOWS (30488d912b11cd64c1a714aa1640b206)] -> xpath: //button[contains(@data-original-title, 'Update')]]
2022-12-20 19:24:06 INFO  ShoppingCartPage :108 - Verify the quantity has been updated message[[ChromeDriver: chrome on WINDOWS (30488d912b11cd64c1a714aa1640b206)] -> xpath: //div[@id='checkout-cart']/div[1]]
2022-12-20 19:24:06 INFO  ShoppingCartPage :87 - Verify the total amount in the cart[[ChromeDriver: chrome on WINDOWS (30488d912b11cd64c1a714aa1640b206)] -> xpath: //div[@class = 'table-responsive']/table/tbody/tr/td[6]]
2022-12-20 19:24:06 INFO  ShoppingCartPage :113 - Click on checkout button[[ChromeDriver: chrome on WINDOWS (30488d912b11cd64c1a714aa1640b206)] -> xpath: //a[contains(text(),'Checkout')]]
2022-12-20 19:24:07 INFO  CheckOutPage :89 - Verify Checkout page name[[ChromeDriver: chrome on WINDOWS (30488d912b11cd64c1a714aa1640b206)] -> xpath: //h1[contains(text(),'Checkout')]]
2022-12-20 19:24:09 INFO  CheckOutPage :94 - Verify New Customer Text[[ChromeDriver: chrome on WINDOWS (30488d912b11cd64c1a714aa1640b206)] -> xpath: //h2[contains(text(),'New Customer')]]
2022-12-20 19:24:09 INFO  CheckOutPage :99 - Click on Guest Checkout Radio button[[ChromeDriver: chrome on WINDOWS (30488d912b11cd64c1a714aa1640b206)] -> xpath: //input[@value= 'guest']]
2022-12-20 19:24:09 INFO  CheckOutPage :104 - Click on New customer continue button[[ChromeDriver: chrome on WINDOWS (30488d912b11cd64c1a714aa1640b206)] -> id: button-account]
2022-12-20 19:24:09 INFO  CheckOutPage :109 - Enter first name in the first name field[[ChromeDriver: chrome on WINDOWS (30488d912b11cd64c1a714aa1640b206)] -> css selector: #input-payment-firstname]
2022-12-20 19:24:09 INFO  CheckOutPage :114 - Enter last name in the last name field[[ChromeDriver: chrome on WINDOWS (30488d912b11cd64c1a714aa1640b206)] -> css selector: #input-payment-lastname]
2022-12-20 19:24:09 INFO  CheckOutPage :119 - Enter first email in the email address field[[ChromeDriver: chrome on WINDOWS (30488d912b11cd64c1a714aa1640b206)] -> css selector: #input-payment-email]
2022-12-20 19:24:09 INFO  CheckOutPage :124 - Enter phone no in the phone no field[[ChromeDriver: chrome on WINDOWS (30488d912b11cd64c1a714aa1640b206)] -> css selector: #input-payment-telephone]
2022-12-20 19:24:10 INFO  CheckOutPage :129 - Enter first line of address in the address line 1 field[[ChromeDriver: chrome on WINDOWS (30488d912b11cd64c1a714aa1640b206)] -> css selector: #input-payment-address-1]
2022-12-20 19:24:10 INFO  CheckOutPage :134 - Enter city in the city name field[[ChromeDriver: chrome on WINDOWS (30488d912b11cd64c1a714aa1640b206)] -> css selector: #input-payment-city]
2022-12-20 19:24:10 INFO  CheckOutPage :139 - Enter post code in the post code field[[ChromeDriver: chrome on WINDOWS (30488d912b11cd64c1a714aa1640b206)] -> css selector: #input-payment-postcode]
2022-12-20 19:24:10 INFO  CheckOutPage :144 - Select country from the country field drop down menu[[ChromeDriver: chrome on WINDOWS (30488d912b11cd64c1a714aa1640b206)] -> xpath: //select[@id='input-payment-country']]
2022-12-20 19:24:10 INFO  CheckOutPage :149 - Select region from the region field drop down menu[[ChromeDriver: chrome on WINDOWS (30488d912b11cd64c1a714aa1640b206)] -> xpath: //select[@id='input-payment-zone']]
2022-12-20 19:24:10 INFO  CheckOutPage :154 - Click on continue as guest button[[ChromeDriver: chrome on WINDOWS (30488d912b11cd64c1a714aa1640b206)] -> css selector: #button-guest]
2022-12-20 19:24:10 INFO  CheckOutPage :159 - Enter comments in About your order box[[ChromeDriver: chrome on WINDOWS (30488d912b11cd64c1a714aa1640b206)] -> xpath: //textarea[@name = 'comment']]
2022-12-20 19:24:10 INFO  CheckOutPage :164 - Click on Terms and conditions checkbox[[ChromeDriver: chrome on WINDOWS (30488d912b11cd64c1a714aa1640b206)] -> xpath: //input[@type= 'checkbox']]
2022-12-20 19:24:10 INFO  CheckOutPage :169 - Click on continue button to proceed to payment[[ChromeDriver: chrome on WINDOWS (30488d912b11cd64c1a714aa1640b206)] -> css selector: #button-payment-method]
2022-12-20 19:24:10 INFO  CheckOutPage :174 - Verify payment warning message[[ChromeDriver: chrome on WINDOWS (30488d912b11cd64c1a714aa1640b206)] -> xpath: //div[@class='alert alert-danger alert-dismissible']]
2022-12-20 19:25:33 INFO  HomePage :94 - Click on currency tab[[ChromeDriver: chrome on WINDOWS (a92909604518aa3a9ce823427cea4f56)] -> xpath: //span[contains(text(),'Currency')]]
2022-12-20 19:25:33 INFO  HomePage :95 - Change the currency[[[ChromeDriver: chrome on WINDOWS (a92909604518aa3a9ce823427cea4f56)] -> xpath: //ul[@class = 'dropdown-menu']/li], [[ChromeDriver: chrome on WINDOWS (a92909604518aa3a9ce823427cea4f56)] -> xpath: //ul[@class = 'dropdown-menu']/li], [[ChromeDriver: chrome on WINDOWS (a92909604518aa3a9ce823427cea4f56)] -> xpath: //ul[@class = 'dropdown-menu']/li]]
2022-12-20 19:25:33 INFO  HomePage :74 - Hover the mouse on Laptops & Notebooks tab and click[[ChromeDriver: chrome on WINDOWS (a92909604518aa3a9ce823427cea4f56)] -> link text: Laptops & Notebooks]
2022-12-20 19:25:33 INFO  HomePage :79 - Select show all Laptops & Notebooks from drop down[[[ChromeDriver: chrome on WINDOWS (a92909604518aa3a9ce823427cea4f56)] -> link text: Show All Laptops & Notebooks]]
2022-12-20 19:25:34 INFO  LaptopsAndNotebooksPage :82 - Select the sort by price tab[[ChromeDriver: chrome on WINDOWS (a92909604518aa3a9ce823427cea4f56)] -> id: input-sort]
2022-12-20 19:25:35 INFO  LaptopsAndNotebooksPage :87 - Click on the MacBook product[[ChromeDriver: chrome on WINDOWS (a92909604518aa3a9ce823427cea4f56)] -> link text: MacBook]
2022-12-20 19:25:37 INFO  LaptopsAndNotebooksPage :92 - Verify the MacBook product name[[ChromeDriver: chrome on WINDOWS (a92909604518aa3a9ce823427cea4f56)] -> xpath: //h1[contains(text(),'MacBook')]]
2022-12-20 19:25:37 INFO  LaptopsAndNotebooksPage :97 - Click on add to cart button[[ChromeDriver: chrome on WINDOWS (a92909604518aa3a9ce823427cea4f56)] -> xpath: //button[@id='button-cart']]
2022-12-20 19:25:37 INFO  LaptopsAndNotebooksPage :102 - Verify the product has been added to the cart[[ChromeDriver: chrome on WINDOWS (a92909604518aa3a9ce823427cea4f56)] -> css selector: body:nth-child(2) div.container:nth-child(4) > div.alert.alert-success.alert-dismissible]
2022-12-20 19:25:37 INFO  ShoppingCartPage :67 - Click on the shopping cart link in the success message[[ChromeDriver: chrome on WINDOWS (a92909604518aa3a9ce823427cea4f56)] -> xpath: //a[contains(text(),'shopping cart')]]
2022-12-20 19:25:38 INFO  ShoppingCartPage :62 - Verify shopping cart page name[[ChromeDriver: chrome on WINDOWS (a92909604518aa3a9ce823427cea4f56)] -> xpath: //div[@id='content']//h1]
2022-12-20 19:25:38 INFO  ShoppingCartPage :92 - Verify the MacBook product name[[ChromeDriver: chrome on WINDOWS (a92909604518aa3a9ce823427cea4f56)] -> xpath: //div[@class = 'table-responsive']/table/tbody/tr/td[2]/a]
2022-12-20 19:25:38 INFO  ShoppingCartPage :97 - Change the quantity of product to two in the cart[[ChromeDriver: chrome on WINDOWS (a92909604518aa3a9ce823427cea4f56)] -> xpath: //div[@class = 'table-responsive']/table/tbody/tr/td[3]]
2022-12-20 19:25:38 INFO  ShoppingCartPage :103 - Click to update the Quantity[[ChromeDriver: chrome on WINDOWS (a92909604518aa3a9ce823427cea4f56)] -> xpath: //button[contains(@data-original-title, 'Update')]]
2022-12-20 19:25:39 INFO  ShoppingCartPage :108 - Verify the quantity has been updated message[[ChromeDriver: chrome on WINDOWS (a92909604518aa3a9ce823427cea4f56)] -> xpath: //div[@id='checkout-cart']/div[1]]
2022-12-20 19:25:39 INFO  ShoppingCartPage :87 - Verify the total amount in the cart[[ChromeDriver: chrome on WINDOWS (a92909604518aa3a9ce823427cea4f56)] -> xpath: //div[@class = 'table-responsive']/table/tbody/tr/td[6]]
2022-12-20 19:25:39 INFO  ShoppingCartPage :113 - Click on checkout button[[ChromeDriver: chrome on WINDOWS (a92909604518aa3a9ce823427cea4f56)] -> xpath: //a[contains(text(),'Checkout')]]
2022-12-20 19:25:39 INFO  CheckOutPage :89 - Verify Checkout page name[[ChromeDriver: chrome on WINDOWS (a92909604518aa3a9ce823427cea4f56)] -> xpath: //h1[contains(text(),'Checkout')]]
2022-12-20 19:25:41 INFO  CheckOutPage :94 - Verify New Customer Text[[ChromeDriver: chrome on WINDOWS (a92909604518aa3a9ce823427cea4f56)] -> xpath: //h2[contains(text(),'New Customer')]]
2022-12-20 19:25:41 INFO  CheckOutPage :99 - Click on Guest Checkout Radio button[[ChromeDriver: chrome on WINDOWS (a92909604518aa3a9ce823427cea4f56)] -> xpath: //input[@value= 'guest']]
2022-12-20 19:25:41 INFO  CheckOutPage :104 - Click on New customer continue button[[ChromeDriver: chrome on WINDOWS (a92909604518aa3a9ce823427cea4f56)] -> id: button-account]
2022-12-20 19:25:41 INFO  CheckOutPage :109 - Enter first name in the first name field[[ChromeDriver: chrome on WINDOWS (a92909604518aa3a9ce823427cea4f56)] -> css selector: #input-payment-firstname]
2022-12-20 19:25:41 INFO  CheckOutPage :114 - Enter last name in the last name field[[ChromeDriver: chrome on WINDOWS (a92909604518aa3a9ce823427cea4f56)] -> css selector: #input-payment-lastname]
2022-12-20 19:25:41 INFO  CheckOutPage :119 - Enter first email in the email address field[[ChromeDriver: chrome on WINDOWS (a92909604518aa3a9ce823427cea4f56)] -> css selector: #input-payment-email]
2022-12-20 19:25:42 INFO  CheckOutPage :124 - Enter phone no in the phone no field[[ChromeDriver: chrome on WINDOWS (a92909604518aa3a9ce823427cea4f56)] -> css selector: #input-payment-telephone]
2022-12-20 19:25:42 INFO  CheckOutPage :129 - Enter first line of address in the address line 1 field[[ChromeDriver: chrome on WINDOWS (a92909604518aa3a9ce823427cea4f56)] -> css selector: #input-payment-address-1]
2022-12-20 19:25:42 INFO  CheckOutPage :134 - Enter city in the city name field[[ChromeDriver: chrome on WINDOWS (a92909604518aa3a9ce823427cea4f56)] -> css selector: #input-payment-city]
2022-12-20 19:25:42 INFO  CheckOutPage :139 - Enter post code in the post code field[[ChromeDriver: chrome on WINDOWS (a92909604518aa3a9ce823427cea4f56)] -> css selector: #input-payment-postcode]
2022-12-20 19:25:42 INFO  CheckOutPage :144 - Select country from the country field drop down menu[[ChromeDriver: chrome on WINDOWS (a92909604518aa3a9ce823427cea4f56)] -> xpath: //select[@id='input-payment-country']]
2022-12-20 19:25:42 INFO  CheckOutPage :149 - Select region from the region field drop down menu[[ChromeDriver: chrome on WINDOWS (a92909604518aa3a9ce823427cea4f56)] -> xpath: //select[@id='input-payment-zone']]
2022-12-20 19:25:42 INFO  CheckOutPage :154 - Click on continue as guest button[[ChromeDriver: chrome on WINDOWS (a92909604518aa3a9ce823427cea4f56)] -> css selector: #button-guest]
2022-12-20 19:25:42 INFO  CheckOutPage :159 - Enter comments in About your order box[[ChromeDriver: chrome on WINDOWS (a92909604518aa3a9ce823427cea4f56)] -> xpath: //textarea[@name = 'comment']]
2022-12-20 19:25:43 INFO  CheckOutPage :164 - Click on Terms and conditions checkbox[[ChromeDriver: chrome on WINDOWS (a92909604518aa3a9ce823427cea4f56)] -> xpath: //input[@type= 'checkbox']]
2022-12-20 19:25:43 INFO  CheckOutPage :169 - Click on continue button to proceed to payment[[ChromeDriver: chrome on WINDOWS (a92909604518aa3a9ce823427cea4f56)] -> css selector: #button-payment-method]
2022-12-20 19:25:43 INFO  CheckOutPage :174 - Verify payment warning message[[ChromeDriver: chrome on WINDOWS (a92909604518aa3a9ce823427cea4f56)] -> xpath: //div[@class='alert alert-danger alert-dismissible']]
2022-12-20 19:28:47 INFO  HomePage :115 - Click on My Account link[[ChromeDriver: chrome on WINDOWS (80c382cf179c35c1ce47aeadb7ac00fe)] -> xpath: //span[contains(text(),'My Account')]]
2022-12-20 19:28:48 INFO  RegisterPage :62 - Verify the Register Page name[[ChromeDriver: chrome on WINDOWS (80c382cf179c35c1ce47aeadb7ac00fe)] -> xpath: //h1[contains(text(),'Register Account')]]
2022-12-20 19:29:16 INFO  HomePage :115 - Click on My Account link[[ChromeDriver: chrome on WINDOWS (c44cc49b39a5a56d8b4516c917fc28eb)] -> xpath: //span[contains(text(),'My Account')]]
2022-12-20 19:29:17 INFO  RegisterPage :67 - Enter the first name in the First name field[[ChromeDriver: chrome on WINDOWS (c44cc49b39a5a56d8b4516c917fc28eb)] -> id: input-firstname]
2022-12-20 19:29:17 INFO  RegisterPage :72 - Enter the last name in the last name field[[ChromeDriver: chrome on WINDOWS (c44cc49b39a5a56d8b4516c917fc28eb)] -> id: input-lastname]
2022-12-20 19:29:17 INFO  RegisterPage :77 - Enter the email address in the email address field[[ChromeDriver: chrome on WINDOWS (c44cc49b39a5a56d8b4516c917fc28eb)] -> id: input-email]
2022-12-20 19:29:17 INFO  RegisterPage :82 - Enter the Telephone no in the Phone no field[[ChromeDriver: chrome on WINDOWS (c44cc49b39a5a56d8b4516c917fc28eb)] -> id: input-telephone]
2022-12-20 19:29:17 INFO  RegisterPage :87 - Enter the password in the Password field[[ChromeDriver: chrome on WINDOWS (c44cc49b39a5a56d8b4516c917fc28eb)] -> id: input-password]
2022-12-20 19:29:17 INFO  RegisterPage :92 - Enter the confirm password in the Confirm Password field[[ChromeDriver: chrome on WINDOWS (c44cc49b39a5a56d8b4516c917fc28eb)] -> id: input-confirm]
2022-12-20 19:29:17 INFO  RegisterPage :97 - Select the Radio button to subscribe[[[ChromeDriver: chrome on WINDOWS (c44cc49b39a5a56d8b4516c917fc28eb)] -> xpath: //fieldset[3]//input], [[ChromeDriver: chrome on WINDOWS (c44cc49b39a5a56d8b4516c917fc28eb)] -> xpath: //fieldset[3]//input]]
2022-12-20 19:29:17 INFO  RegisterPage :108 - Click on privacy policy checkbox[[ChromeDriver: chrome on WINDOWS (c44cc49b39a5a56d8b4516c917fc28eb)] -> xpath: //div[@class = 'buttons']//input[@name='agree']]
2022-12-20 19:29:17 INFO  RegisterPage :113 - Click on continue ToRegister[[ChromeDriver: chrome on WINDOWS (c44cc49b39a5a56d8b4516c917fc28eb)] -> xpath: //div[@class = 'buttons']//input[@value='Continue']]
2022-12-20 19:29:18 INFO  AccountPage :37 - Verify Account is Created Text[[ChromeDriver: chrome on WINDOWS (c44cc49b39a5a56d8b4516c917fc28eb)] -> xpath: //h1[contains(text(),'Your Account Has Been Created!')]]
2022-12-20 19:29:18 INFO  AccountPage :42 - Click on continue to navigate to the account[[ChromeDriver: chrome on WINDOWS (c44cc49b39a5a56d8b4516c917fc28eb)] -> xpath: //a[contains(text(),'Continue')]]
2022-12-20 19:29:18 INFO  HomePage :115 - Click on My Account link[[ChromeDriver: chrome on WINDOWS (c44cc49b39a5a56d8b4516c917fc28eb)] -> xpath: //span[contains(text(),'My Account')]]
2022-12-20 19:29:18 INFO  AccountPage :47 - Verify Account is Logged out Text[[ChromeDriver: chrome on WINDOWS (c44cc49b39a5a56d8b4516c917fc28eb)] -> xpath: //h1[contains(text(),'Account Logout')]]
2022-12-20 19:29:18 INFO  AccountPage :53 - Click on continue to navigate to the homepage[[ChromeDriver: chrome on WINDOWS (c44cc49b39a5a56d8b4516c917fc28eb)] -> xpath: //a[contains(text(),'Continue')]]
